<?xml version="1.0" encoding="UTF-8"?>
<testsuite name="org.apache.calcite.linq4j.test.OptimizerTest" time="0.04" tests="80" errors="0" skipped="0" failures="0">
  <properties>
[...]
</properties>
  <testcase name="testAndAlsoBoolTrue" classname="org.apache.calcite.linq4j.test.OptimizerTest" time="0.002"/>
  <testcase name="testConditionalIfTrue" classname="org.apache.calcite.linq4j.test.OptimizerTest" time="0"/>
  <testcase name="testNotEqualPrimitiveNull" classname="org.apache.calcite.linq4j.test.OptimizerTest" time="0.014"/>
  <testcase name="testEqualTypedNullUntypedNull" classname="org.apache.calcite.linq4j.test.OptimizerTest" time="0.014"/>
  <testcase name="testOptimizeTernaryAlwaysSame" classname="org.apache.calcite.linq4j.test.OptimizerTest" time="0.001"/>
  <testcase name="testNotFalse" classname="org.apache.calcite.linq4j.test.OptimizerTest" time="0"/>
  <testcase name="testOptimizeTernaryAlwaysTrue" classname="org.apache.calcite.linq4j.test.OptimizerTest" time="0"/>
  <testcase name="testOrElseNullBool" classname="org.apache.calcite.linq4j.test.OptimizerTest" time="0"/>
  <testcase name="testEqualObjectNull" classname="org.apache.calcite.linq4j.test.OptimizerTest" time="0"/>
  <testcase name="testEqualSameExpr" classname="org.apache.calcite.linq4j.test.OptimizerTest" time="0"/>
  <testcase name="testEqualBoolTrue" classname="org.apache.calcite.linq4j.test.OptimizerTest" time="0.001"/>
  <testcase name="testOptimizeTernaryAtrueNull" classname="org.apache.calcite.linq4j.test.OptimizerTest" time="0"/>
  <testcase name="testAndAlsoNullBool" classname="org.apache.calcite.linq4j.test.OptimizerTest" time="0"/>
  <testcase name="testNotEqualObjectNull" classname="org.apache.calcite.linq4j.test.OptimizerTest" time="0"/>
  <testcase name="testEqualPrimitiveNull" classname="org.apache.calcite.linq4j.test.OptimizerTest" time="0"/>
  <testcase name="testOptimizeTernaryRotateEqualFalse" classname="org.apache.calcite.linq4j.test.OptimizerTest" time="0"/>
  <testcase name="testNotEqualDifferentExpr" classname="org.apache.calcite.linq4j.test.OptimizerTest" time="0.001"/>
  <testcase name="testCastIntToLong" classname="org.apache.calcite.linq4j.test.OptimizerTest" time="0"/>
  <testcase name="testOptimizeTernaryInEqualABCneqB" classname="org.apache.calcite.linq4j.test.OptimizerTest" time="0"/>
  <testcase name="testOptimizeTernaryInEqualABCneqC" classname="org.apache.calcite.linq4j.test.OptimizerTest" time="0"/>
  <testcase name="testOptimizeTernaryRotateNot" classname="org.apache.calcite.linq4j.test.OptimizerTest" time="0.001"/>
  <testcase name="testAndAlsoFalseBool" classname="org.apache.calcite.linq4j.test.OptimizerTest" time="0"/>
  <testcase name="testCastIntToInt" classname="org.apache.calcite.linq4j.test.OptimizerTest" time="0"/>
  <testcase name="testNotEq" classname="org.apache.calcite.linq4j.test.OptimizerTest" time="0"/>
  <testcase name="testNotGt" classname="org.apache.calcite.linq4j.test.OptimizerTest" time="0"/>
  <testcase name="testNotLt" classname="org.apache.calcite.linq4j.test.OptimizerTest" time="0"/>
  <testcase name="testEqualSameConst" classname="org.apache.calcite.linq4j.test.OptimizerTest" time="0"/>
  <testcase name="testEqualDifferentExpr" classname="org.apache.calcite.linq4j.test.OptimizerTest" time="0"/>
  <testcase name="testNotEqualBoolFalse" classname="org.apache.calcite.linq4j.test.OptimizerTest" time="0"/>
  <testcase name="testAssign2" classname="org.apache.calcite.linq4j.test.OptimizerTest" time="0.001"/>
  <testcase name="booleanValueOfTrue" classname="org.apache.calcite.linq4j.test.OptimizerTest" time="0"/>
  <testcase name="testNotEqualDifferentConst" classname="org.apache.calcite.linq4j.test.OptimizerTest" time="0"/>
  <testcase name="testConditionalIfFalse" classname="org.apache.calcite.linq4j.test.OptimizerTest" time="0"/>
  <testcase name="testOptimizeComparison" classname="org.apache.calcite.linq4j.test.OptimizerTest" time="0"/>
  <testcase name="testEqualDifferentConst" classname="org.apache.calcite.linq4j.test.OptimizerTest" time="0"/>
  <testcase name="testOptimizeTernaryABtrue" classname="org.apache.calcite.linq4j.test.OptimizerTest" time="0"/>
  <testcase name="testCastIntToShort" classname="org.apache.calcite.linq4j.test.OptimizerTest" time="0"/>
  <testcase name="testOptimizeTernaryAeqBAB" classname="org.apache.calcite.linq4j.test.OptimizerTest" time="0"/>
  <testcase name="testOptimizeTernaryAeqBBA" classname="org.apache.calcite.linq4j.test.OptimizerTest" time="0"/>
  <testcase name="testOptimizeTernaryAtrueB" classname="org.apache.calcite.linq4j.test.OptimizerTest" time="0"/>
  <testcase name="testEqualStringNull" classname="org.apache.calcite.linq4j.test.OptimizerTest" time="0.001"/>
  <testcase name="testConditionalIfTrueElse" classname="org.apache.calcite.linq4j.test.OptimizerTest" time="0"/>
  <testcase name="testOptimizeTernaryInEqualABCeqB" classname="org.apache.calcite.linq4j.test.OptimizerTest" time="0"/>
  <testcase name="testOptimizeTernaryInEqualABCeqC" classname="org.apache.calcite.linq4j.test.OptimizerTest" time="0"/>
  <testcase name="testEqualUnypedNullTypedNull" classname="org.apache.calcite.linq4j.test.OptimizerTest" time="0"/>
  <testcase name="testNotEqualStringNull" classname="org.apache.calcite.linq4j.test.OptimizerTest" time="0"/>
  <testcase name="testConditionalIfBoolTrue" classname="org.apache.calcite.linq4j.test.OptimizerTest" time="0"/>
  <testcase name="testEqualBoolFalse" classname="org.apache.calcite.linq4j.test.OptimizerTest" time="0"/>
  <testcase name="testBooleanValueOfFalse" classname="org.apache.calcite.linq4j.test.OptimizerTest" time="0"/>
  <testcase name="testOptimizeTernaryABfalse" classname="org.apache.calcite.linq4j.test.OptimizerTest" time="0"/>
  <testcase name="testAndAlsoXX" classname="org.apache.calcite.linq4j.test.OptimizerTest" time="0"/>
  <testcase name="testAndAlsoXY" classname="org.apache.calcite.linq4j.test.OptimizerTest" time="0.001"/>
  <testcase name="testNotEqualUnypedNullTypedNull" classname="org.apache.calcite.linq4j.test.OptimizerTest" time="0"/>
  <testcase name="testOptimizeTernaryAtrueBoxed" classname="org.apache.calcite.linq4j.test.OptimizerTest" time="0"/>
  <testcase name="testConditionalIfBoolFalseElse" classname="org.apache.calcite.linq4j.test.OptimizerTest" time="0"/>
  <testcase name="testConditionalIfBoolFalseTrue" classname="org.apache.calcite.linq4j.test.OptimizerTest" time="0"/>
  <testcase name="testOrElseXX" classname="org.apache.calcite.linq4j.test.OptimizerTest" time="0"/>
  <testcase name="testConditionalIfBoolTrueElse" classname="org.apache.calcite.linq4j.test.OptimizerTest" time="0"/>
  <testcase name="testNotEqualTypedNullUntypedNull" classname="org.apache.calcite.linq4j.test.OptimizerTest" time="0"/>
  <testcase name="testMultipleFolding" classname="org.apache.calcite.linq4j.test.OptimizerTest" time="0"/>
  <testcase name="testOrElseXY" classname="org.apache.calcite.linq4j.test.OptimizerTest" time="0"/>
  <testcase name="testAssign" classname="org.apache.calcite.linq4j.test.OptimizerTest" time="0.001"/>
  <testcase name="testNotEqualSameExpr" classname="org.apache.calcite.linq4j.test.OptimizerTest" time="0"/>
  <testcase name="testOrElseFalseBool" classname="org.apache.calcite.linq4j.test.OptimizerTest" time="0"/>
  <testcase name="testNotEqualBoolTrue" classname="org.apache.calcite.linq4j.test.OptimizerTest" time="0.001"/>
  <testcase name="testOptimizeTernaryAfalseB" classname="org.apache.calcite.linq4j.test.OptimizerTest" time="0.001"/>
  <testcase name="testNotGte" classname="org.apache.calcite.linq4j.test.OptimizerTest" time="0"/>
  <testcase name="testNotLte" classname="org.apache.calcite.linq4j.test.OptimizerTest" time="0"/>
  <testcase name="testNotNeq" classname="org.apache.calcite.linq4j.test.OptimizerTest" time="0"/>
  <testcase name="testOptimizeTernaryAneqBAB" classname="org.apache.calcite.linq4j.test.OptimizerTest" time="0"/>
  <testcase name="testOptimizeTernaryAneqBBA" classname="org.apache.calcite.linq4j.test.OptimizerTest" time="0"/>
  <testcase name="testNotNotA" classname="org.apache.calcite.linq4j.test.OptimizerTest" time="0"/>
  <testcase name="testNotTrue" classname="org.apache.calcite.linq4j.test.OptimizerTest" time="0"/>
  <testcase name="testConditionalIfBoolFalse" classname="org.apache.calcite.linq4j.test.OptimizerTest" time="0"/>
  <testcase name="testOrElseTrueBool" classname="org.apache.calcite.linq4j.test.OptimizerTest" time="0"/>
  <testcase name="testNotEqualSameConst" classname="org.apache.calcite.linq4j.test.OptimizerTest" time="0"/>
  <testcase name="testNonOptimizableTernary" classname="org.apache.calcite.linq4j.test.OptimizerTest" time="0"/>
  <testcase name="testAndAlsoTrueBool" classname="org.apache.calcite.linq4j.test.OptimizerTest" time="0"/>
  <testcase name="testConditionalIfFalseElse" classname="org.apache.calcite.linq4j.test.OptimizerTest" time="0"/>
  <testcase name="testOptimizeTernaryAlwaysFalse" classname="org.apache.calcite.linq4j.test.OptimizerTest" time="0"/>
</testsuite>