<?xml version="1.0" encoding="UTF-8"?>
<testsuite name="org.apache.calcite.rel.rel2sql.RelToSqlConverterTest" time="6.684" tests="37" errors="0" skipped="0" failures="0">
  <properties>
[...]
</properties>
  <testcase name="testSimpleJoin" classname="org.apache.calcite.rel.rel2sql.RelToSqlConverterTest" time="0.185"/>
  <testcase name="testDb2DialectSelectQueryComplex" classname="org.apache.calcite.rel.rel2sql.RelToSqlConverterTest" time="0.196"/>
  <testcase name="testDb2DialectSelfJoinStar" classname="org.apache.calcite.rel.rel2sql.RelToSqlConverterTest" time="0.213"/>
  <testcase name="testDb2DialectJoinStar" classname="org.apache.calcite.rel.rel2sql.RelToSqlConverterTest" time="0.45"/>
  <testcase name="testDb2DialectWhere" classname="org.apache.calcite.rel.rel2sql.RelToSqlConverterTest" time="0.22"/>
  <testcase name="testDb2DialectJoinWhere" classname="org.apache.calcite.rel.rel2sql.RelToSqlConverterTest" time="0.25"/>
  <testcase name="testSelectQueryWithMultipleAggregateFunction" classname="org.apache.calcite.rel.rel2sql.RelToSqlConverterTest" time="0.237"/>
  <testcase name="testSelectQueryWithLimitOffsetClause" classname="org.apache.calcite.rel.rel2sql.RelToSqlConverterTest" time="0.213"/>
  <testcase name="testSelectQueryWithSumAggregateFunction" classname="org.apache.calcite.rel.rel2sql.RelToSqlConverterTest" time="0.214"/>
  <testcase name="testSelectQueryWithMultipleAggregateFunction1" classname="org.apache.calcite.rel.rel2sql.RelToSqlConverterTest" time="0.231"/>
  <testcase name="testSelectQueryWithGroupBy" classname="org.apache.calcite.rel.rel2sql.RelToSqlConverterTest" time="0.016"/>
  <testcase name="testSelectQueryWithMinAggregateFunction1" classname="org.apache.calcite.rel.rel2sql.RelToSqlConverterTest" time="0.19"/>
  <testcase name="testSelectQueryWithWhereClauseOfLessThan" classname="org.apache.calcite.rel.rel2sql.RelToSqlConverterTest" time="0.187"/>
  <testcase name="testSelectQueryWithGroupByAndProjectList" classname="org.apache.calcite.rel.rel2sql.RelToSqlConverterTest" time="0.193"/>
  <testcase name="testJoinPlan2" classname="org.apache.calcite.rel.rel2sql.RelToSqlConverterTest" time="0.249"/>
  <testcase name="testSelectQueryWithAscDescOrderByClause" classname="org.apache.calcite.rel.rel2sql.RelToSqlConverterTest" time="0.176"/>
  <testcase name="testDb2DialectCast" classname="org.apache.calcite.rel.rel2sql.RelToSqlConverterTest" time="0.21"/>
  <testcase name="testDb2DialectJoin" classname="org.apache.calcite.rel.rel2sql.RelToSqlConverterTest" time="0.032"/>
  <testcase name="testSelectQueryWithTwoOrderByClause" classname="org.apache.calcite.rel.rel2sql.RelToSqlConverterTest" time="0.236"/>
  <testcase name="testDb2DialectSelectQueryWithGroupByHaving" classname="org.apache.calcite.rel.rel2sql.RelToSqlConverterTest" time="0.198"/>
  <testcase name="testDb2DialectSelfJoin" classname="org.apache.calcite.rel.rel2sql.RelToSqlConverterTest" time="0.221"/>
  <testcase name="testSelectQueryWithOrderByClause" classname="org.apache.calcite.rel.rel2sql.RelToSqlConverterTest" time="0.192"/>
  <testcase name="testSelectQueryWithLimitClause" classname="org.apache.calcite.rel.rel2sql.RelToSqlConverterTest" time="0.201"/>
  <testcase name="testSimpleSelectQueryFromProductTable" classname="org.apache.calcite.rel.rel2sql.RelToSqlConverterTest" time="0.199"/>
  <testcase name="testSelectQueryWithGroupByHaving" classname="org.apache.calcite.rel.rel2sql.RelToSqlConverterTest" time="0.222"/>
  <testcase name="testSelectQueryWithLimitClauseWithoutOrder" classname="org.apache.calcite.rel.rel2sql.RelToSqlConverterTest" time="0.013"/>
  <testcase name="testSimpleSelectStarFromProductTable" classname="org.apache.calcite.rel.rel2sql.RelToSqlConverterTest" time="0.011"/>
  <testcase name="testSelectQueryWithFetchOffsetClause" classname="org.apache.calcite.rel.rel2sql.RelToSqlConverterTest" time="0.185"/>
  <testcase name="testSimpleIn" classname="org.apache.calcite.rel.rel2sql.RelToSqlConverterTest" time="0.021"/>
  <testcase name="testDb2DialectSelfJoinWhere" classname="org.apache.calcite.rel.rel2sql.RelToSqlConverterTest" time="0.248"/>
  <testcase name="testDb2DialectSelectQueryWithGroup" classname="org.apache.calcite.rel.rel2sql.RelToSqlConverterTest" time="0.214"/>
  <testcase name="testSelectQueryWithOrderByClause1" classname="org.apache.calcite.rel.rel2sql.RelToSqlConverterTest" time="0.194"/>
  <testcase name="testSelectQueryComplex" classname="org.apache.calcite.rel.rel2sql.RelToSqlConverterTest" time="0.188"/>
  <testcase name="testSelectQueryWithWhereClauseOfBasicOperators" classname="org.apache.calcite.rel.rel2sql.RelToSqlConverterTest" time="0.177"/>
  <testcase name="testSelectQueryWithGroupByAndProjectList1" classname="org.apache.calcite.rel.rel2sql.RelToSqlConverterTest" time="0.143"/>
  <testcase name="testSelectQueryWithMinAggregateFunction" classname="org.apache.calcite.rel.rel2sql.RelToSqlConverterTest" time="0.132"/>
  <testcase name="testSelectQueryWithGroup" classname="org.apache.calcite.rel.rel2sql.RelToSqlConverterTest" time="0.027"/>
</testsuite>