<?xml version="1.0" encoding="UTF-8"?>
<testsuite name="org.apache.calcite.test.MaterializationTest" time="19.884" tests="53" errors="0" skipped="15" failures="0">
  <properties>
[...]
</properties>
  <testcase name="testFilterQueryOnFilterView" classname="org.apache.calcite.test.MaterializationTest" time="0.595"/>
  <testcase name="testQueryOnStar" classname="org.apache.calcite.test.MaterializationTest" time="0">
    <skipped/>
  </testcase>
  <testcase name="testSatisfiable" classname="org.apache.calcite.test.MaterializationTest" time="0.003"/>
  <testcase name="testFilterQueryOnFilterView10" classname="org.apache.calcite.test.MaterializationTest" time="0.17"/>
  <testcase name="testFilterQueryOnFilterView11" classname="org.apache.calcite.test.MaterializationTest" time="0.176"/>
  <testcase name="testFilterQueryOnFilterView12" classname="org.apache.calcite.test.MaterializationTest" time="0.391"/>
  <testcase name="testFilterQueryOnFilterView13" classname="org.apache.calcite.test.MaterializationTest" time="0.211"/>
  <testcase name="testFilterQueryOnFilterView14" classname="org.apache.calcite.test.MaterializationTest" time="0.694"/>
  <testcase name="testMaterializationReferencesTableInOtherSchema" classname="org.apache.calcite.test.MaterializationTest" time="0">
    <skipped/>
  </testcase>
  <testcase name="testPrePopulated" classname="org.apache.calcite.test.MaterializationTest" time="0.244"/>
  <testcase name="testNonDisjointUnion" classname="org.apache.calcite.test.MaterializationTest" time="0">
    <skipped/>
  </testcase>
  <testcase name="testMultiMaterializationMultiUsage" classname="org.apache.calcite.test.MaterializationTest" time="1.775"/>
  <testcase name="testMaterializationSubstitution" classname="org.apache.calcite.test.MaterializationTest" time="1.529"/>
  <testcase name="testAlias" classname="org.apache.calcite.test.MaterializationTest" time="0.767"/>
  <testcase name="testScan" classname="org.apache.calcite.test.MaterializationTest" time="0.887"/>
  <testcase name="testJoinMaterialization" classname="org.apache.calcite.test.MaterializationTest" time="0.696"/>
  <testcase name="testMaterializationSubstitution2" classname="org.apache.calcite.test.MaterializationTest" time="1.758"/>
  <testcase name="testDifferentType" classname="org.apache.calcite.test.MaterializationTest" time="0">
    <skipped/>
  </testcase>
  <testcase name="testOrderByQueryOnProjectView" classname="org.apache.calcite.test.MaterializationTest" time="0">
    <skipped/>
  </testcase>
  <testcase name="testSingleMaterializationMultiUsage" classname="org.apache.calcite.test.MaterializationTest" time="0.838"/>
  <testcase name="testAggregateRollUp" classname="org.apache.calcite.test.MaterializationTest" time="0.529"/>
  <testcase name="testSwapJoin" classname="org.apache.calcite.test.MaterializationTest" time="0">
    <skipped/>
  </testcase>
  <testcase name="testFilterGroupQueryOnStar" classname="org.apache.calcite.test.MaterializationTest" time="0">
    <skipped/>
  </testcase>
  <testcase name="testFilterQueryOnProjectView" classname="org.apache.calcite.test.MaterializationTest" time="0.439"/>
  <testcase name="testFilterQueryOnFilterView2" classname="org.apache.calcite.test.MaterializationTest" time="0">
    <skipped/>
  </testcase>
  <testcase name="testFilterQueryOnFilterView3" classname="org.apache.calcite.test.MaterializationTest" time="0">
    <skipped message="not implemented"/>
  </testcase>
  <testcase name="testFilterQueryOnFilterView4" classname="org.apache.calcite.test.MaterializationTest" time="0.531"/>
  <testcase name="testFilterQueryOnFilterView5" classname="org.apache.calcite.test.MaterializationTest" time="0.477"/>
  <testcase name="testFilterQueryOnFilterView6" classname="org.apache.calcite.test.MaterializationTest" time="0.418"/>
  <testcase name="testFilterQueryOnFilterView7" classname="org.apache.calcite.test.MaterializationTest" time="1.062"/>
  <testcase name="testFilterQueryOnFilterView8" classname="org.apache.calcite.test.MaterializationTest" time="0.214"/>
  <testcase name="testFilterQueryOnFilterView9" classname="org.apache.calcite.test.MaterializationTest" time="0.301"/>
  <testcase name="testAggregate" classname="org.apache.calcite.test.MaterializationTest" time="0.564"/>
  <testcase name="testMultiMaterializationOnJoinQuery" classname="org.apache.calcite.test.MaterializationTest" time="0">
    <skipped message="Creating mv for depts considering all its column throws exception"/>
  </testcase>
  <testcase name="testSplitFilter" classname="org.apache.calcite.test.MaterializationTest" time="0"/>
  <testcase name="testDifferentColumnNames" classname="org.apache.calcite.test.MaterializationTest" time="0">
    <skipped/>
  </testcase>
  <testcase name="testViewSchemaPath" classname="org.apache.calcite.test.MaterializationTest" time="0.847"/>
  <testcase name="testFilterQueryOnProjectView0" classname="org.apache.calcite.test.MaterializationTest" time="0.325"/>
  <testcase name="testFilterQueryOnProjectView1" classname="org.apache.calcite.test.MaterializationTest" time="0.394"/>
  <testcase name="testFilterQueryOnProjectView2" classname="org.apache.calcite.test.MaterializationTest" time="0.367"/>
  <testcase name="testFilterQueryOnProjectView3" classname="org.apache.calcite.test.MaterializationTest" time="0.393"/>
  <testcase name="testFilterQueryOnProjectView4" classname="org.apache.calcite.test.MaterializationTest" time="0.125"/>
  <testcase name="testFilterQueryOnProjectView5" classname="org.apache.calcite.test.MaterializationTest" time="0.467"/>
  <testcase name="testFilterQueryOnProjectView6" classname="org.apache.calcite.test.MaterializationTest" time="0.099"/>
  <testcase name="testFilterQueryOnProjectView7" classname="org.apache.calcite.test.MaterializationTest" time="0.104"/>
  <testcase name="testFilterQueryOnProjectView8" classname="org.apache.calcite.test.MaterializationTest" time="0.394"/>
  <testcase name="testOrderByQueryOnOrderByView" classname="org.apache.calcite.test.MaterializationTest" time="0">
    <skipped/>
  </testcase>
  <testcase name="testFilter" classname="org.apache.calcite.test.MaterializationTest" time="0.323"/>
  <testcase name="testJoinOnUnionMaterialization" classname="org.apache.calcite.test.MaterializationTest" time="0">
    <skipped/>
  </testcase>
  <testcase name="testMaterializationOnJoinQuery" classname="org.apache.calcite.test.MaterializationTest" time="0.462"/>
  <testcase name="testPartialUnion" classname="org.apache.calcite.test.MaterializationTest" time="0">
    <skipped/>
  </testcase>
  <testcase name="testJoinMaterialization2" classname="org.apache.calcite.test.MaterializationTest" time="0.315"/>
  <testcase name="testAggregateProject" classname="org.apache.calcite.test.MaterializationTest" time="0">
    <skipped message="work in progress"/>
  </testcase>
</testsuite>