<?xml version="1.0" encoding="UTF-8"?>
<testsuite name="org.apache.calcite.test.RelOptRulesTest" time="30.391" tests="199" errors="0" skipped="5" failures="0">
  <properties>
[...]
</properties>
  <testcase name="testReduceCastAndConsts" classname="org.apache.calcite.test.RelOptRulesTest" time="0.368"/>
  <testcase name="testEmptyFilterProjectUnion" classname="org.apache.calcite.test.RelOptRulesTest" time="0.311"/>
  <testcase name="testPullNull" classname="org.apache.calcite.test.RelOptRulesTest" time="0.344"/>
  <testcase name="testPushSemiJoinPastJoinRuleRight" classname="org.apache.calcite.test.RelOptRulesTest" time="0.344"/>
  <testcase name="testWindowInParenthesis" classname="org.apache.calcite.test.RelOptRulesTest" time="0.294"/>
  <testcase name="testPushCountNullableThroughUnion" classname="org.apache.calcite.test.RelOptRulesTest" time="0.505"/>
  <testcase name="testReduceValuesNull" classname="org.apache.calcite.test.RelOptRulesTest" time="0">
    <skipped/>
  </testcase>
  <testcase name="testPullConstantThroughAggregateAllConst" classname="org.apache.calcite.test.RelOptRulesTest" time="0.214"/>
  <testcase name="testReduceValuesUnderProjectFilter" classname="org.apache.calcite.test.RelOptRulesTest" time="0.246"/>
  <testcase name="testReduceValuesUnderProject" classname="org.apache.calcite.test.RelOptRulesTest" time="0.207"/>
  <testcase name="testAggregateConstantKeyRule" classname="org.apache.calcite.test.RelOptRulesTest" time="0.346"/>
  <testcase name="testReduceCase" classname="org.apache.calcite.test.RelOptRulesTest" time="0.198"/>
  <testcase name="testExpandFilterExistsSimpleAnd" classname="org.apache.calcite.test.RelOptRulesTest" time="0.199"/>
  <testcase name="testReduceValuesUnderFilter" classname="org.apache.calcite.test.RelOptRulesTest" time="0.242"/>
  <testcase name="testNestedAggregates" classname="org.apache.calcite.test.RelOptRulesTest" time="0.236"/>
  <testcase name="testReduceConstantsDup" classname="org.apache.calcite.test.RelOptRulesTest" time="0.11"/>
  <testcase name="testDistinctCountMixedJoin" classname="org.apache.calcite.test.RelOptRulesTest" time="0.209"/>
  <testcase name="testAggregateProjectMerge" classname="org.apache.calcite.test.RelOptRulesTest" time="0.372"/>
  <testcase name="testRemoveSemiJoin" classname="org.apache.calcite.test.RelOptRulesTest" time="0.174"/>
  <testcase name="testPullConstantThroughUnion" classname="org.apache.calcite.test.RelOptRulesTest" time="0.232"/>
  <testcase name="testWhereInCorrelated" classname="org.apache.calcite.test.RelOptRulesTest" time="0.138"/>
  <testcase name="testReduceConstantsNullEqualsOne" classname="org.apache.calcite.test.RelOptRulesTest" time="0.133"/>
  <testcase name="testDistinctCountMultiple" classname="org.apache.calcite.test.RelOptRulesTest" time="0.191"/>
  <testcase name="testConvertMultiJoinRule" classname="org.apache.calcite.test.RelOptRulesTest" time="0.221"/>
  <testcase name="testExpandFilterInComposite" classname="org.apache.calcite.test.RelOptRulesTest" time="0.244"/>
  <testcase name="testPullFilterThroughAggregateGroupingSets" classname="org.apache.calcite.test.RelOptRulesTest" time="0.171"/>
  <testcase name="testReduceConstantsRequiresExecutor" classname="org.apache.calcite.test.RelOptRulesTest" time="0.187"/>
  <testcase name="testExtractYearMonthToRange" classname="org.apache.calcite.test.RelOptRulesTest" time="0.151"/>
  <testcase name="testTransitiveInferenceJoin3wayAgg" classname="org.apache.calcite.test.RelOptRulesTest" time="0.121"/>
  <testcase name="testReduceConstantsProjectNullable" classname="org.apache.calcite.test.RelOptRulesTest" time="0.094"/>
  <testcase name="testTransitiveInferencePreventProjectPullUp" classname="org.apache.calcite.test.RelOptRulesTest" time="0.106"/>
  <testcase name="testExpressionInWindowFunction" classname="org.apache.calcite.test.RelOptRulesTest" time="0.172"/>
  <testcase name="testTransitiveInferenceJoin3way" classname="org.apache.calcite.test.RelOptRulesTest" time="0.069"/>
  <testcase name="testPushCountStarThroughUnion" classname="org.apache.calcite.test.RelOptRulesTest" time="0.106"/>
  <testcase name="testRemoveSemiJoinRight" classname="org.apache.calcite.test.RelOptRulesTest" time="0.136"/>
  <testcase name="testReduceExpressionsNot" classname="org.apache.calcite.test.RelOptRulesTest" time="0.071"/>
  <testcase name="testPushAggregateFunctionsThroughJoin" classname="org.apache.calcite.test.RelOptRulesTest" time="0.217"/>
  <testcase name="testTransitiveInferenceProject" classname="org.apache.calcite.test.RelOptRulesTest" time="0.068"/>
  <testcase name="testPushAvgThroughUnion" classname="org.apache.calcite.test.RelOptRulesTest" time="0.068"/>
  <testcase name="testReduceConstantsDup2" classname="org.apache.calcite.test.RelOptRulesTest" time="0.148"/>
  <testcase name="testReduceConstantsCalc" classname="org.apache.calcite.test.RelOptRulesTest" time="0.249"/>
  <testcase name="testPushCountFilterThroughUnion" classname="org.apache.calcite.test.RelOptRulesTest" time="0.151"/>
  <testcase name="testReduceConstantsNegatedInverted" classname="org.apache.calcite.test.RelOptRulesTest" time="0.152"/>
  <testcase name="testPushSumCountStarGroupingSetsThroughUnion" classname="org.apache.calcite.test.RelOptRulesTest" time="0.151"/>
  <testcase name="testPushSemiJoinPastJoinRuleLeft" classname="org.apache.calcite.test.RelOptRulesTest" time="0.185"/>
  <testcase name="testExtractJoinFilterRule" classname="org.apache.calcite.test.RelOptRulesTest" time="0.135"/>
  <testcase name="testPushAggregateThroughJoinDistinct" classname="org.apache.calcite.test.RelOptRulesTest" time="0.133"/>
  <testcase name="testTransitiveInferenceFullOuterJoin" classname="org.apache.calcite.test.RelOptRulesTest" time="0.1"/>
  <testcase name="testExpandFilterExistsSimple" classname="org.apache.calcite.test.RelOptRulesTest" time="0.099"/>
  <testcase name="testPullConstantThroughAggregatePermutedConstGroupBy" classname="org.apache.calcite.test.RelOptRulesTest" time="0.207"/>
  <testcase name="testPushSumCountStarThroughUnion" classname="org.apache.calcite.test.RelOptRulesTest" time="0.12"/>
  <testcase name="testPushFilterWithRank" classname="org.apache.calcite.test.RelOptRulesTest" time="0.086"/>
  <testcase name="testPushSumNullableGroupingSetsThroughUnion" classname="org.apache.calcite.test.RelOptRulesTest" time="0.108"/>
  <testcase name="testMergeFilter" classname="org.apache.calcite.test.RelOptRulesTest" time="0.167"/>
  <testcase name="testDistinctCountGroupingSets1" classname="org.apache.calcite.test.RelOptRulesTest" time="0.108"/>
  <testcase name="testDistinctCountGroupingSets2" classname="org.apache.calcite.test.RelOptRulesTest" time="0.213"/>
  <testcase name="testPushProjectPastSetOp" classname="org.apache.calcite.test.RelOptRulesTest" time="0.111"/>
  <testcase name="testPushFilterPastAgg" classname="org.apache.calcite.test.RelOptRulesTest" time="0.223"/>
  <testcase name="testEmptyJoin" classname="org.apache.calcite.test.RelOptRulesTest" time="0.247"/>
  <testcase name="testEmptySort" classname="org.apache.calcite.test.RelOptRulesTest" time="0.058"/>
  <testcase name="testMergeFilterWithJoinCondition" classname="org.apache.calcite.test.RelOptRulesTest" time="0">
    <skipped message="cycles"/>
  </testcase>
  <testcase name="testReduceConstantsIsNull" classname="org.apache.calcite.test.RelOptRulesTest" time="0.169"/>
  <testcase name="testTransitiveInferenceJoin" classname="org.apache.calcite.test.RelOptRulesTest" time="0.112"/>
  <testcase name="testPushCountNullableGroupingSetsThroughUnion" classname="org.apache.calcite.test.RelOptRulesTest" time="0.111"/>
  <testcase name="testFullOuterJoinSimplificationToRightOuter" classname="org.apache.calcite.test.RelOptRulesTest" time="0.275"/>
  <testcase name="testPushFilterPastAggTwo" classname="org.apache.calcite.test.RelOptRulesTest" time="0.141"/>
  <testcase name="testPushFilterPastAggFour" classname="org.apache.calcite.test.RelOptRulesTest" time="0.192"/>
  <testcase name="testPushAggregateSumNoGroup" classname="org.apache.calcite.test.RelOptRulesTest" time="0.219"/>
  <testcase name="testSortUnionTranspose" classname="org.apache.calcite.test.RelOptRulesTest" time="0.133"/>
  <testcase name="testReduceConstantsNegated" classname="org.apache.calcite.test.RelOptRulesTest" time="0.248"/>
  <testcase name="testPushSemiJoinPastProject" classname="org.apache.calcite.test.RelOptRulesTest" time="0.23"/>
  <testcase name="testPushFilterWithRankExpr" classname="org.apache.calcite.test.RelOptRulesTest" time="0.057"/>
  <testcase name="testExpandJoinIn" classname="org.apache.calcite.test.RelOptRulesTest" time="0.145"/>
  <testcase name="testEmptyAggregateEmptyKey" classname="org.apache.calcite.test.RelOptRulesTest" time="0.205"/>
  <testcase name="testSortJoinTranspose1" classname="org.apache.calcite.test.RelOptRulesTest" time="0.174"/>
  <testcase name="testSortJoinTranspose2" classname="org.apache.calcite.test.RelOptRulesTest" time="0.21"/>
  <testcase name="testSortJoinTranspose3" classname="org.apache.calcite.test.RelOptRulesTest" time="0.088"/>
  <testcase name="testSortJoinTranspose4" classname="org.apache.calcite.test.RelOptRulesTest" time="0.261"/>
  <testcase name="testSemiJoinRule" classname="org.apache.calcite.test.RelOptRulesTest" time="0.173"/>
  <testcase name="testSemiJoinTrim" classname="org.apache.calcite.test.RelOptRulesTest" time="0.202"/>
  <testcase name="testTransitiveInferenceConstantEquiPredicate" classname="org.apache.calcite.test.RelOptRulesTest" time="0.116"/>
  <testcase name="testReduceValuesToEmpty" classname="org.apache.calcite.test.RelOptRulesTest" time="0.171"/>
  <testcase name="testPushProjectPastFilter" classname="org.apache.calcite.test.RelOptRulesTest" time="0.17"/>
  <testcase name="testAggregateGroupingSetsProjectMerge" classname="org.apache.calcite.test.RelOptRulesTest" time="0.11"/>
  <testcase name="testPushFilterThroughSemiJoin" classname="org.apache.calcite.test.RelOptRulesTest" time="0.187"/>
  <testcase name="testDistinctCountMultipleViaJoin" classname="org.apache.calcite.test.RelOptRulesTest" time="0.066"/>
  <testcase name="testPushMinThroughUnion" classname="org.apache.calcite.test.RelOptRulesTest" time="0.05"/>
  <testcase name="testPushSumConstantGroupingSetsThroughUnion" classname="org.apache.calcite.test.RelOptRulesTest" time="0.05"/>
  <testcase name="testPushFilterPastAggWithGroupingSets1" classname="org.apache.calcite.test.RelOptRulesTest" time="0.018"/>
  <testcase name="testPushFilterPastAggWithGroupingSets2" classname="org.apache.calcite.test.RelOptRulesTest" time="0.079"/>
  <testcase name="testTransitiveInferenceUnion3way" classname="org.apache.calcite.test.RelOptRulesTest" time="0.049"/>
  <testcase name="testPullConstantThroughConstLast" classname="org.apache.calcite.test.RelOptRulesTest" time="0.069"/>
  <testcase name="testEmptyJoinRight" classname="org.apache.calcite.test.RelOptRulesTest" time="0.084"/>
  <testcase name="testTransitiveInferenceLeftOuterJoin" classname="org.apache.calcite.test.RelOptRulesTest" time="0.052"/>
  <testcase name="testPushMaxNullableGroupingSetsThroughUnion" classname="org.apache.calcite.test.RelOptRulesTest" time="0.097"/>
  <testcase name="testReduceConstants2" classname="org.apache.calcite.test.RelOptRulesTest" time="0.096"/>
  <testcase name="testPushJoinThroughUnionOnRight" classname="org.apache.calcite.test.RelOptRulesTest" time="0.139"/>
  <testcase name="testFullOuterJoinSimplificationToInner" classname="org.apache.calcite.test.RelOptRulesTest" time="0.095"/>
  <testcase name="testPushAvgGroupingSetsThroughUnion" classname="org.apache.calcite.test.RelOptRulesTest" time="0.138"/>
  <testcase name="testReduceOrCaseWhen" classname="org.apache.calcite.test.RelOptRulesTest" time="0.072"/>
  <testcase name="testHeterogeneousConversion" classname="org.apache.calcite.test.RelOptRulesTest" time="0">
    <skipped message="cycles"/>
  </testcase>
  <testcase name="testReduceAverage" classname="org.apache.calcite.test.RelOptRulesTest" time="0.138"/>
  <testcase name="testReduceCasts" classname="org.apache.calcite.test.RelOptRulesTest" time="0.167"/>
  <testcase name="testLeftOuterJoinSimplificationToInner" classname="org.apache.calcite.test.RelOptRulesTest" time="0.12"/>
  <testcase name="testPushSumNullableNOGBYThroughUnion" classname="org.apache.calcite.test.RelOptRulesTest" time="0.19"/>
  <testcase name="testPushAggregateThroughJoin1" classname="org.apache.calcite.test.RelOptRulesTest" time="0.161"/>
  <testcase name="testPushAggregateThroughJoin2" classname="org.apache.calcite.test.RelOptRulesTest" time="0.209"/>
  <testcase name="testPushAggregateThroughJoin3" classname="org.apache.calcite.test.RelOptRulesTest" time="0.048"/>
  <testcase name="testPushFilterPastProject" classname="org.apache.calcite.test.RelOptRulesTest" time="0.186"/>
  <testcase name="testReduceConstants" classname="org.apache.calcite.test.RelOptRulesTest" time="0.132"/>
  <testcase name="testPushSumNullConstantThroughUnion" classname="org.apache.calcite.test.RelOptRulesTest" time="0.212"/>
  <testcase name="testMergeJoinFilter" classname="org.apache.calcite.test.RelOptRulesTest" time="0.186"/>
  <testcase name="testStrengthenJoinType" classname="org.apache.calcite.test.RelOptRulesTest" time="0.165"/>
  <testcase name="testExpandWhereComparisonCorrelated" classname="org.apache.calcite.test.RelOptRulesTest" time="0.166"/>
  <testcase name="testPushAggregateSumThroughJoin" classname="org.apache.calcite.test.RelOptRulesTest" time="0.102"/>
  <testcase name="testExpandFilterIn" classname="org.apache.calcite.test.RelOptRulesTest" time="0.128"/>
  <testcase name="testReduceConstantsCaseEquals" classname="org.apache.calcite.test.RelOptRulesTest" time="0.104"/>
  <testcase name="testTransitiveInferenceNoPullUpExprs" classname="org.apache.calcite.test.RelOptRulesTest" time="0.054"/>
  <testcase name="testTransitiveInferenceConjunctInPullUp" classname="org.apache.calcite.test.RelOptRulesTest" time="0.054"/>
  <testcase name="testPullConstantThroughAggregateSimpleNonNullable" classname="org.apache.calcite.test.RelOptRulesTest" time="0.053"/>
  <testcase name="testUnionToDistinctRule" classname="org.apache.calcite.test.RelOptRulesTest" time="0.101"/>
  <testcase name="testPushSemiJoinPastFilter" classname="org.apache.calcite.test.RelOptRulesTest" time="0.128"/>
  <testcase name="testPullAggregateThroughUnion" classname="org.apache.calcite.test.RelOptRulesTest" time="0.158"/>
  <testcase name="testPullConstantIntoFilter" classname="org.apache.calcite.test.RelOptRulesTest" time="0.196"/>
  <testcase name="testPushSumNullableThroughUnion" classname="org.apache.calcite.test.RelOptRulesTest" time="0.134"/>
  <testcase name="testEmptyAggregate" classname="org.apache.calcite.test.RelOptRulesTest" time="0.136"/>
  <testcase name="testConvertMultiJoinRuleOuterJoins2" classname="org.apache.calcite.test.RelOptRulesTest" time="0.133"/>
  <testcase name="testConvertMultiJoinRuleOuterJoins3" classname="org.apache.calcite.test.RelOptRulesTest" time="0.086"/>
  <testcase name="testConvertMultiJoinRuleOuterJoins4" classname="org.apache.calcite.test.RelOptRulesTest" time="0.176"/>
  <testcase name="testProjectToWindowRuleForMultipleWindows" classname="org.apache.calcite.test.RelOptRulesTest" time="0.148"/>
  <testcase name="testProjectWindowTransposeRule" classname="org.apache.calcite.test.RelOptRulesTest" time="0.121"/>
  <testcase name="testTransitiveInferencePullUpThruAlias" classname="org.apache.calcite.test.RelOptRulesTest" time="0.147"/>
  <testcase name="testTransitiveInferenceAggregate" classname="org.apache.calcite.test.RelOptRulesTest" time="0.12"/>
  <testcase name="testExtractYearToRange" classname="org.apache.calcite.test.RelOptRulesTest" time="0.192"/>
  <testcase name="testEmptySortLimitZero" classname="org.apache.calcite.test.RelOptRulesTest" time="0.108"/>
  <testcase name="testDistinctCount2" classname="org.apache.calcite.test.RelOptRulesTest" time="0.151"/>
  <testcase name="testDistinctCount1" classname="org.apache.calcite.test.RelOptRulesTest" time="0.181"/>
  <testcase name="testExpandProjectIn" classname="org.apache.calcite.test.RelOptRulesTest" time="0.156"/>
  <testcase name="testPushCountStarGroupingSetsThroughUnion" classname="org.apache.calcite.test.RelOptRulesTest" time="0.155"/>
  <testcase name="testDistinctNonDistinctAggregates" classname="org.apache.calcite.test.RelOptRulesTest" time="0.156"/>
  <testcase name="testProjectWindowTransposeRuleWithConstants" classname="org.apache.calcite.test.RelOptRulesTest" time="0.133"/>
  <testcase name="testJoinProjectTranspose" classname="org.apache.calcite.test.RelOptRulesTest" time="0.163"/>
  <testcase name="testReduceConstantsIsNotNull" classname="org.apache.calcite.test.RelOptRulesTest" time="0.089"/>
  <testcase name="testPushMinGroupingSetsThroughUnion" classname="org.apache.calcite.test.RelOptRulesTest" time="0.122"/>
  <testcase name="testPullConstantThroughAggregateConstGroupBy" classname="org.apache.calcite.test.RelOptRulesTest" time="0.092"/>
  <testcase name="testPushProjectPastJoin" classname="org.apache.calcite.test.RelOptRulesTest" time="0.092"/>
  <testcase name="testPullConstantThroughAggregatePermuted" classname="org.apache.calcite.test.RelOptRulesTest" time="0.058"/>
  <testcase name="testExpandJoinExists" classname="org.apache.calcite.test.RelOptRulesTest" time="0.056"/>
  <testcase name="testPullConstantIntoProject" classname="org.apache.calcite.test.RelOptRulesTest" time="0.066"/>
  <testcase name="testTransitiveInferenceUnionAlwaysTrue" classname="org.apache.calcite.test.RelOptRulesTest" time="0.064"/>
  <testcase name="testPushSumConstantThroughUnion" classname="org.apache.calcite.test.RelOptRulesTest" time="0.094"/>
  <testcase name="testAddRedundantSemiJoinRule" classname="org.apache.calcite.test.RelOptRulesTest" time="0.143"/>
  <testcase name="testExpandProjectExists" classname="org.apache.calcite.test.RelOptRulesTest" time="0.216"/>
  <testcase name="testRemoveSemiJoinWithFilter" classname="org.apache.calcite.test.RelOptRulesTest" time="0.168"/>
  <testcase name="testTransitiveInferenceUnion3wayOr" classname="org.apache.calcite.test.RelOptRulesTest" time="0">
    <skipped message="not working"/>
  </testcase>
  <testcase name="testReduceCastsNullable" classname="org.apache.calcite.test.RelOptRulesTest" time="0">
    <skipped/>
  </testcase>
  <testcase name="testRightOuterJoinSimplificationToInner" classname="org.apache.calcite.test.RelOptRulesTest" time="0.163"/>
  <testcase name="testDistinctCountMixed" classname="org.apache.calcite.test.RelOptRulesTest" time="0.187"/>
  <testcase name="testPushJoinCondDownToProject" classname="org.apache.calcite.test.RelOptRulesTest" time="0.187"/>
  <testcase name="testRemoveSemiJoinRightWithFilter" classname="org.apache.calcite.test.RelOptRulesTest" time="0.156"/>
  <testcase name="testFullOuterJoinSimplificationToLeftOuter" classname="org.apache.calcite.test.RelOptRulesTest" time="0.137"/>
  <testcase name="testPullConstantThroughAggregatePermutedConstFirst" classname="org.apache.calcite.test.RelOptRulesTest" time="0.111"/>
  <testcase name="testConvertMultiJoinRuleOuterJoins" classname="org.apache.calcite.test.RelOptRulesTest" time="0.145"/>
  <testcase name="testTransitiveInferenceUnion" classname="org.apache.calcite.test.RelOptRulesTest" time="0.064"/>
  <testcase name="testPullConstantIntoJoin" classname="org.apache.calcite.test.RelOptRulesTest" time="0.096"/>
  <testcase name="testReduceConstantsCaseEquals2" classname="org.apache.calcite.test.RelOptRulesTest" time="0.096"/>
  <testcase name="testReduceConstantsCaseEquals3" classname="org.apache.calcite.test.RelOptRulesTest" time="0.175"/>
  <testcase name="testExpandJoinScalar" classname="org.apache.calcite.test.RelOptRulesTest" time="0.176"/>
  <testcase name="testPullConstantThroughAggregateAllLiterals" classname="org.apache.calcite.test.RelOptRulesTest" time="0.111"/>
  <testcase name="testSwapOuterJoin" classname="org.apache.calcite.test.RelOptRulesTest" time="0.271"/>
  <testcase name="testPushJoinThroughUnionOnLeft" classname="org.apache.calcite.test.RelOptRulesTest" time="0.174"/>
  <testcase name="testPushFilterPastAggThree" classname="org.apache.calcite.test.RelOptRulesTest" time="0.174"/>
  <testcase name="testReduceConstantsEliminatesFilter" classname="org.apache.calcite.test.RelOptRulesTest" time="0.149"/>
  <testcase name="testAggregateProjectPullUpConstants" classname="org.apache.calcite.test.RelOptRulesTest" time="0.228"/>
  <testcase name="testExpandFilterExists" classname="org.apache.calcite.test.RelOptRulesTest" time="0.16"/>
  <testcase name="testSemiJoinReduceConstants" classname="org.apache.calcite.test.RelOptRulesTest" time="0.204"/>
  <testcase name="testExpandProjectScalar" classname="org.apache.calcite.test.RelOptRulesTest" time="0.302"/>
  <testcase name="testDistinctCountMultipleNoGroup" classname="org.apache.calcite.test.RelOptRulesTest" time="0.132"/>
  <testcase name="testExpandProjectInNullable" classname="org.apache.calcite.test.RelOptRulesTest" time="0.234"/>
  <testcase name="testPullFilterThroughAggregate" classname="org.apache.calcite.test.RelOptRulesTest" time="0.273"/>
  <testcase name="testAggregateConstantKeyRule2" classname="org.apache.calcite.test.RelOptRulesTest" time="0.136"/>
  <testcase name="testAggregateConstantKeyRule3" classname="org.apache.calcite.test.RelOptRulesTest" time="0.238"/>
  <testcase name="testPullConstantIntoJoin2" classname="org.apache.calcite.test.RelOptRulesTest" time="0.205"/>
  <testcase name="testExpandProjectInComposite" classname="org.apache.calcite.test.RelOptRulesTest" time="0.162"/>
  <testcase name="testEmptyJoinLeft" classname="org.apache.calcite.test.RelOptRulesTest" time="0.239"/>
  <testcase name="testExpandJoinInComposite" classname="org.apache.calcite.test.RelOptRulesTest" time="0.135"/>
  <testcase name="testReduceNestedCaseWhen" classname="org.apache.calcite.test.RelOptRulesTest" time="0.235"/>
  <testcase name="testTransitiveInferenceRightOuterJoin" classname="org.apache.calcite.test.RelOptRulesTest" time="0.104"/>
  <testcase name="testDistinctCountMixed2" classname="org.apache.calcite.test.RelOptRulesTest" time="0.27"/>
  <testcase name="testPushSumNullConstantGroupingSetsThroughUnion" classname="org.apache.calcite.test.RelOptRulesTest" time="0.067"/>
  <testcase name="testExpandFilterIn3Value" classname="org.apache.calcite.test.RelOptRulesTest" time="0.238"/>
  <testcase name="testSortUnionTranspose2" classname="org.apache.calcite.test.RelOptRulesTest" time="0.167"/>
  <testcase name="testSortUnionTranspose3" classname="org.apache.calcite.test.RelOptRulesTest" time="0.132"/>
  <testcase name="testTransitiveInferenceComplexPredicate" classname="org.apache.calcite.test.RelOptRulesTest" time="0.173"/>
  <testcase name="testExpandFilterScalar" classname="org.apache.calcite.test.RelOptRulesTest" time="0.208"/>
  <testcase name="testAlreadyFalseEliminatesFilter" classname="org.apache.calcite.test.RelOptRulesTest" time="0.111"/>
  <testcase name="testPushMaxNullableThroughUnion" classname="org.apache.calcite.test.RelOptRulesTest" time="0.042"/>
  <testcase name="testPullConstantThroughUnion2" classname="org.apache.calcite.test.RelOptRulesTest" time="0.12"/>
  <testcase name="testPullConstantThroughUnion3" classname="org.apache.calcite.test.RelOptRulesTest" time="0.071"/>
</testsuite>