<?xml version="1.0" encoding="UTF-8"?>
<testsuite name="org.apache.calcite.test.RelMetadataTest" time="2.161" tests="86" errors="0" skipped="6" failures="0">
  <properties>
[...]
</properties>
  <testcase name="testPercentageOriginalRowsUnionNoFilter" classname="org.apache.calcite.test.RelMetadataTest" time="0.021"/>
  <testcase name="testPercentageOriginalRowsTableOnly" classname="org.apache.calcite.test.RelMetadataTest" time="0.004"/>
  <testcase name="testRowCountMinusOnFinite" classname="org.apache.calcite.test.RelMetadataTest" time="0.042"/>
  <testcase name="testSelectivityJoin" classname="org.apache.calcite.test.RelMetadataTest" time="0.062"/>
  <testcase name="testSelectivitySort" classname="org.apache.calcite.test.RelMetadataTest" time="0.053"/>
  <testcase name="testRowCountDept" classname="org.apache.calcite.test.RelMetadataTest" time="0.047"/>
  <testcase name="testRowCountSort" classname="org.apache.calcite.test.RelMetadataTest" time="0.015"/>
  <testcase name="testRowCountJoin" classname="org.apache.calcite.test.RelMetadataTest" time="0.049"/>
  <testcase name="testDistributionHash" classname="org.apache.calcite.test.RelMetadataTest" time="0.009"/>
  <testcase name="testRowCountLeftJoinEmptyFinite" classname="org.apache.calcite.test.RelMetadataTest" time="0.066"/>
  <testcase name="testRowCountFilterOnFinite" classname="org.apache.calcite.test.RelMetadataTest" time="0.032"/>
  <testcase name="testCollation" classname="org.apache.calcite.test.RelMetadataTest" time="0.074"/>
  <testcase name="testColumnOriginsJoinFullOuter" classname="org.apache.calcite.test.RelMetadataTest" time="0.042"/>
  <testcase name="testRowCountSortLimitOffsetOnFinite" classname="org.apache.calcite.test.RelMetadataTest" time="0.022"/>
  <testcase name="testRowCountUnionOnFinite" classname="org.apache.calcite.test.RelMetadataTest" time="0.028"/>
  <testcase name="testSelectivityAgg" classname="org.apache.calcite.test.RelMetadataTest" time="0.021"/>
  <testcase name="testSelectivityAndFilter" classname="org.apache.calcite.test.RelMetadataTest" time="0.011"/>
  <testcase name="testRowCountJoinFiniteEmpty" classname="org.apache.calcite.test.RelMetadataTest" time="0.098"/>
  <testcase name="testRowCountJoinEmptyEmpty" classname="org.apache.calcite.test.RelMetadataTest" time="0.052"/>
  <testcase name="testColumnOriginsTableOnly" classname="org.apache.calcite.test.RelMetadataTest" time="0.003"/>
  <testcase name="testColumnOriginsAggCountStar" classname="org.apache.calcite.test.RelMetadataTest" time="0.007"/>
  <testcase name="testSelectivityRedundantFilter" classname="org.apache.calcite.test.RelMetadataTest" time="0.005"/>
  <testcase name="testDistinctRowCountTable" classname="org.apache.calcite.test.RelMetadataTest" time="0.044"/>
  <testcase name="testPercentageOriginalRowsAgg" classname="org.apache.calcite.test.RelMetadataTest" time="0.002"/>
  <testcase name="testUnion" classname="org.apache.calcite.test.RelMetadataTest" time="0.039"/>
  <testcase name="testColumnOriginsSelfUnion" classname="org.apache.calcite.test.RelMetadataTest" time="0.008"/>
  <testcase name="testRowCountSortHighOffsetLimit" classname="org.apache.calcite.test.RelMetadataTest" time="0.011"/>
  <testcase name="testGroupByEmptyUniqueKeys" classname="org.apache.calcite.test.RelMetadataTest" time="0.016"/>
  <testcase name="testDistributionSimple" classname="org.apache.calcite.test.RelMetadataTest" time="0.068"/>
  <testcase name="testColumnOriginsJoinLeft" classname="org.apache.calcite.test.RelMetadataTest" time="0.005"/>
  <testcase name="testDistributionHashEmpty" classname="org.apache.calcite.test.RelMetadataTest" time="0.004"/>
  <testcase name="testSelectivityIsNotNullFilter" classname="org.apache.calcite.test.RelMetadataTest" time="0.007"/>
  <testcase name="testCustomProvider" classname="org.apache.calcite.test.RelMetadataTest" time="0.091"/>
  <testcase name="testRowCountAggregateEmptyKeyOnEmptyTable" classname="org.apache.calcite.test.RelMetadataTest" time="0.043"/>
  <testcase name="testSelectivityComparisonFilter" classname="org.apache.calcite.test.RelMetadataTest" time="0.004"/>
  <testcase name="testColumnOriginsAggKey" classname="org.apache.calcite.test.RelMetadataTest" time="0.008"/>
  <testcase name="testPercentageOriginalRowsUnionLittleFilter" classname="org.apache.calcite.test.RelMetadataTest" time="0">
    <skipped/>
  </testcase>
  <testcase name="testGroupByEmptyHavingUniqueKeys" classname="org.apache.calcite.test.RelMetadataTest" time="0.006"/>
  <testcase name="testColumnOriginsFilter" classname="org.apache.calcite.test.RelMetadataTest" time="0.008"/>
  <testcase name="testPullUpPredicatesOnNullableConstant" classname="org.apache.calcite.test.RelMetadataTest" time="0.081"/>
  <testcase name="testRowCountEmp" classname="org.apache.calcite.test.RelMetadataTest" time="0.006"/>
  <testcase name="testRowCountJoinFinite" classname="org.apache.calcite.test.RelMetadataTest" time="0.031"/>
  <testcase name="testColumnOriginsConstant" classname="org.apache.calcite.test.RelMetadataTest" time="0.004"/>
  <testcase name="testGroupBy" classname="org.apache.calcite.test.RelMetadataTest" time="0.008"/>
  <testcase name="testSelectivityOrFilter" classname="org.apache.calcite.test.RelMetadataTest" time="0.007"/>
  <testcase name="testColumnOriginsValues" classname="org.apache.calcite.test.RelMetadataTest" time="0.004"/>
  <testcase name="testColumnOriginsJoinOuter" classname="org.apache.calcite.test.RelMetadataTest" time="0.01"/>
  <testcase name="testColumnOriginsJoinRight" classname="org.apache.calcite.test.RelMetadataTest" time="0.003"/>
  <testcase name="testPercentageOriginalRowsUnionBigFilter" classname="org.apache.calcite.test.RelMetadataTest" time="0">
    <skipped/>
  </testcase>
  <testcase name="testRowCountFilter" classname="org.apache.calcite.test.RelMetadataTest" time="0.01"/>
  <testcase name="testPredicates" classname="org.apache.calcite.test.RelMetadataTest" time="0.066"/>
  <testcase name="testRowCountSortHighLimit" classname="org.apache.calcite.test.RelMetadataTest" time="0.009"/>
  <testcase name="testPercentageOriginalRowsTwoFilters" classname="org.apache.calcite.test.RelMetadataTest" time="0">
    <skipped/>
  </testcase>
  <testcase name="testColumnOriginsUnion" classname="org.apache.calcite.test.RelMetadataTest" time="0.004"/>
  <testcase name="testRowCountValues" classname="org.apache.calcite.test.RelMetadataTest" time="0.05"/>
  <testcase name="testRowCountSortLimit" classname="org.apache.calcite.test.RelMetadataTest" time="0.008"/>
  <testcase name="testRowCountSortLimitOffset" classname="org.apache.calcite.test.RelMetadataTest" time="0.042"/>
  <testcase name="testPercentageOriginalRowsJoin" classname="org.apache.calcite.test.RelMetadataTest" time="0.048"/>
  <testcase name="testRowCountAggregate" classname="org.apache.calcite.test.RelMetadataTest" time="0.057"/>
  <testcase name="testRowCountCartesian" classname="org.apache.calcite.test.RelMetadataTest" time="0.029"/>
  <testcase name="testSelectivityIsNotNullFilterOnNotNullColumn" classname="org.apache.calcite.test.RelMetadataTest" time="0.022"/>
  <testcase name="testPercentageOriginalRowsOneFilter" classname="org.apache.calcite.test.RelMetadataTest" time="0">
    <skipped/>
  </testcase>
  <testcase name="testSelectivityUnion" classname="org.apache.calcite.test.RelMetadataTest" time="0.015"/>
  <testcase name="testColumnOriginsAggCountNullable" classname="org.apache.calcite.test.RelMetadataTest" time="0.044"/>
  <testcase name="testRowCountAggregateGroupingSets" classname="org.apache.calcite.test.RelMetadataTest" time="0.031"/>
  <testcase name="testBrokenCustomProvider" classname="org.apache.calcite.test.RelMetadataTest" time="0.034"/>
  <testcase name="testPullUpPredicatesFromAggregation" classname="org.apache.calcite.test.RelMetadataTest" time="0.009"/>
  <testcase name="testRowCountJoinEmptyFinite" classname="org.apache.calcite.test.RelMetadataTest" time="0.036"/>
  <testcase name="testRowCountRightJoinEmptyFinite" classname="org.apache.calcite.test.RelMetadataTest" time="0.04"/>
  <testcase name="testDistributionSingleton" classname="org.apache.calcite.test.RelMetadataTest" time="0.004"/>
  <testcase name="testJoinUniqueKeys" classname="org.apache.calcite.test.RelMetadataTest" time="0.079"/>
  <testcase name="testColumnOriginsExpression" classname="org.apache.calcite.test.RelMetadataTest" time="0.005"/>
  <testcase name="testPullUpPredicatesOnConstant" classname="org.apache.calcite.test.RelMetadataTest" time="0.024"/>
  <testcase name="testSelectivityAggCached" classname="org.apache.calcite.test.RelMetadataTest" time="0.015"/>
  <testcase name="testColumnOriginsDyadicExpression" classname="org.apache.calcite.test.RelMetadataTest" time="0.006"/>
  <testcase name="testRowCountUnion" classname="org.apache.calcite.test.RelMetadataTest" time="0.008"/>
  <testcase name="testRowCountAggregateGroupingSetsOneEmpty" classname="org.apache.calcite.test.RelMetadataTest" time="0.014"/>
  <testcase name="testColumnOriginsAggReduced" classname="org.apache.calcite.test.RelMetadataTest" time="0.006"/>
  <testcase name="testPercentageOriginalRowsJoinTwoFilters" classname="org.apache.calcite.test.RelMetadataTest" time="0">
    <skipped/>
  </testcase>
  <testcase name="testRowCountSortLimit0" classname="org.apache.calcite.test.RelMetadataTest" time="0.01"/>
  <testcase name="testRowCountAggregateEmptyKey" classname="org.apache.calcite.test.RelMetadataTest" time="0.011"/>
  <testcase name="testAverageRowSize" classname="org.apache.calcite.test.RelMetadataTest" time="0.102"/>
  <testcase name="testRowCountIntersectOnFinite" classname="org.apache.calcite.test.RelMetadataTest" time="0.027"/>
  <testcase name="testPercentageOriginalRowsRedundantFilter" classname="org.apache.calcite.test.RelMetadataTest" time="0">
    <skipped/>
  </testcase>
  <testcase name="testRowCountSortHighOffset" classname="org.apache.calcite.test.RelMetadataTest" time="0.008"/>
  <testcase name="testDistinctRowCountTableEmptyKey" classname="org.apache.calcite.test.RelMetadataTest" time="0.007"/>
</testsuite>