<?xml version="1.0" encoding="UTF-8"?>
<testsuite name="org.apache.calcite.test.CsvTest" time="23.39" tests="26" errors="0" skipped="2" failures="1">
  <properties>
    <property name="java.runtime.name" value="Java(TM) SE Runtime Environment"/>
    <property name="sun.boot.library.path" value="C:\Program Files\Java\jdk1.8.0_60\jre\bin"/>
    <property name="java.vm.version" value="25.60-b23"/>
    <property name="user.country.format" value="HR"/>
    <property name="java.vm.vendor" value="Oracle Corporation"/>
    <property name="maven.multiModuleProjectDirectory" value="C:\Users\DELL.DELL-PC\Desktop\Projekt\Kod\apache-calcite-1.10.0-src\example\csv"/>
    <property name="java.vendor.url" value="http://java.oracle.com/"/>
    <property name="path.separator" value=";"/>
    <property name="guice.disable.misplaced.annotation.check" value="true"/>
    <property name="java.vm.name" value="Java HotSpot(TM) 64-Bit Server VM"/>
    <property name="file.encoding.pkg" value="sun.io"/>
    <property name="user.script" value=""/>
    <property name="user.country" value="US"/>
    <property name="sun.java.launcher" value="SUN_STANDARD"/>
    <property name="sun.os.patch.level" value="Service Pack 1"/>
    <property name="java.vm.specification.name" value="Java Virtual Machine Specification"/>
    <property name="user.dir" value="C:\Users\DELL.DELL-PC\Desktop\Projekt\Kod\apache-calcite-1.10.0-src\example\csv"/>
    <property name="java.runtime.version" value="1.8.0_60-b27"/>
    <property name="java.awt.graphicsenv" value="sun.awt.Win32GraphicsEnvironment"/>
    <property name="java.endorsed.dirs" value="C:\Program Files\Java\jdk1.8.0_60\jre\lib\endorsed"/>
    <property name="os.arch" value="amd64"/>
    <property name="java.io.tmpdir" value="C:\Users\DELL~1.DEL\AppData\Local\Temp\"/>
    <property name="line.separator" value="&#10;"/>
    <property name="java.vm.specification.vendor" value="Oracle Corporation"/>
    <property name="user.variant" value=""/>
    <property name="os.name" value="Windows 7"/>
    <property name="classworlds.conf" value="C:\Users\DELL.DELL-PC\Desktop\eclipse\apache-maven-3.3.3\bin\..\bin\m2.conf"/>
    <property name="sun.jnu.encoding" value="Cp1250"/>
    <property name="java.library.path" value="C:\Program Files\Java\jdk1.8.0_60\bin;C:\Windows\Sun\Java\bin;C:\Windows\system32;C:\Windows;C:\ProgramData\Oracle\Java\javapath;C:\oraclexe\app\oracle\product\11.2.0\server\bin;C:\Program Files (x86)\NVIDIA Corporation\PhysX\Common;C:\Windows\system32;C:\Windows;C:\Windows\System32\Wbem;C:\Windows\System32\WindowsPowerShell\v1.0\;C:\Program Files\Intel\WiFi\bin\;C:\Program Files\Common Files\Intel\WirelessCommon\;C:\Program Files (x86)\MATLAB\R2013a\runtime\win32;C:\Program Files (x86)\MATLAB\R2013a\bin;C:\Users\DELL.DELL-PC\Desktop\eclipse\apache-maven-3.3.3\bin;C:\Program Files\Git\cmd  ;C:\MinGW\bin;C:\msys\1.0\bin;C:\MinGW\msys\1.0\bin ;C:\Program Files (x86)\RemObjects Software\Elements\bin;C:\Dwimperl\perl\bin;C:\Dwimperl\perl\site\bin;C:\Dwimperl\c\bin;C:\Program Files\ActivIdentity\ActivClient\;C:\Users\DELL.DELL-PC\AppData\Local\Programs\Python\Python35-32\Scripts\;C:\Users\DELL.DELL-PC\AppData\Local\Programs\Python\Python35-32\;C:\Program Files\Intel\WiFi\bin\;C:\Program Files\Common Files\Intel\WirelessCommon\;."/>
    <property name="java.specification.name" value="Java Platform API Specification"/>
    <property name="java.class.version" value="52.0"/>
    <property name="sun.management.compiler" value="HotSpot 64-Bit Tiered Compilers"/>
    <property name="os.version" value="6.1"/>
    <property name="user.home" value="C:\Users\DELL.DELL-PC"/>
    <property name="user.timezone" value="Europe/Belgrade"/>
    <property name="java.awt.printerjob" value="sun.awt.windows.WPrinterJob"/>
    <property name="java.specification.version" value="1.8"/>
    <property name="file.encoding" value="Cp1250"/>
    <property name="user.name" value="DELL"/>
    <property name="java.class.path" value="C:\Users\DELL.DELL-PC\Desktop\eclipse\apache-maven-3.3.3\bin\..\boot\plexus-classworlds-2.5.2.jar"/>
    <property name="java.vm.specification.version" value="1.8"/>
    <property name="sun.arch.data.model" value="64"/>
    <property name="java.home" value="C:\Program Files\Java\jdk1.8.0_60\jre"/>
    <property name="sun.java.command" value="org.codehaus.plexus.classworlds.launcher.Launcher install"/>
    <property name="java.specification.vendor" value="Oracle Corporation"/>
    <property name="user.language" value="en"/>
    <property name="user.language.format" value="hr"/>
    <property name="awt.toolkit" value="sun.awt.windows.WToolkit"/>
    <property name="java.vm.info" value="mixed mode"/>
    <property name="java.version" value="1.8.0_60"/>
    <property name="java.ext.dirs" value="C:\Program Files\Java\jdk1.8.0_60\jre\lib\ext;C:\Windows\Sun\Java\lib\ext"/>
    <property name="sun.boot.class.path" value="C:\Program Files\Java\jdk1.8.0_60\jre\lib\resources.jar;C:\Program Files\Java\jdk1.8.0_60\jre\lib\rt.jar;C:\Program Files\Java\jdk1.8.0_60\jre\lib\sunrsasign.jar;C:\Program Files\Java\jdk1.8.0_60\jre\lib\jsse.jar;C:\Program Files\Java\jdk1.8.0_60\jre\lib\jce.jar;C:\Program Files\Java\jdk1.8.0_60\jre\lib\charsets.jar;C:\Program Files\Java\jdk1.8.0_60\jre\lib\jfr.jar;C:\Program Files\Java\jdk1.8.0_60\jre\classes"/>
    <property name="sun.stderr.encoding" value="cp852"/>
    <property name="java.vendor" value="Oracle Corporation"/>
    <property name="maven.home" value="C:\Users\DELL.DELL-PC\Desktop\eclipse\apache-maven-3.3.3\bin\.."/>
    <property name="file.separator" value="\"/>
    <property name="java.vendor.url.bug" value="http://bugreport.sun.com/bugreport/"/>
    <property name="sun.cpu.endian" value="little"/>
    <property name="sun.io.unicode.encoding" value="UnicodeLittle"/>
    <property name="sun.stdout.encoding" value="cp852"/>
    <property name="sun.desktop" value="windows"/>
    <property name="sun.cpu.isalist" value="amd64"/>
  </properties>
  <testcase name="testVanityDriver" classname="org.apache.calcite.test.CsvTest" time="0">
    <skipped/>
  </testcase>
  <testcase name="testSelectSingleProjectGz" classname="org.apache.calcite.test.CsvTest" time="1.854"/>
  <testcase name="testPushDownProject2" classname="org.apache.calcite.test.CsvTest" time="1.857"/>
  <testcase name="testInToSemiJoinWithCast" classname="org.apache.calcite.test.CsvTest" time="2.751"/>
  <testcase name="testFilterableSelectStar" classname="org.apache.calcite.test.CsvTest" time="1.909"/>
  <testcase name="testDateType" classname="org.apache.calcite.test.CsvTest" time="2.028"/>
  <testcase name="testFilterableSelect" classname="org.apache.calcite.test.CsvTest" time="1.994"/>
  <testcase name="testJson" classname="org.apache.calcite.test.CsvTest" time="2.064"/>
  <testcase name="testFilterableWhere2" classname="org.apache.calcite.test.CsvTest" time="0.392"/>
  <testcase name="testInToSemiJoinWithoutCast" classname="org.apache.calcite.test.CsvTest" time="0.666"/>
  <testcase name="testPrepared" classname="org.apache.calcite.test.CsvTest" time="0.095">
    <failure message="expected:&lt;[DEPTNO=10; NAME=Sales]&gt; but was:&lt;[DEPTNO=10; NAME=Sales; TEST=POINT(125 15)]&gt;" type="java.lang.AssertionError"><![CDATA[java.lang.AssertionError: expected:<[DEPTNO=10; NAME=Sales]> but was:<[DEPTNO=10; NAME=Sales; TEST=POINT(125 15)]>
	at org.junit.Assert.fail(Assert.java:88)
	at org.junit.Assert.failNotEquals(Assert.java:834)
	at org.junit.Assert.assertEquals(Assert.java:118)
	at org.junit.Assert.assertEquals(Assert.java:144)
	at org.apache.calcite.test.CsvTest$3.apply(CsvTest.java:296)
	at org.apache.calcite.test.CsvTest$3.apply(CsvTest.java:291)
	at org.apache.calcite.test.CsvTest.testPrepared(CsvTest.java:548)
]]></failure>
    <system-out><![CDATA[WARNING: Found unknown type: point in file: C:\Users\DELL.DELL-PC\Desktop\Projekt\Kod\apache-calcite-1.10.0-src\example\csv\target\test-classes\sales\DEPTS.csv for column: TEST. Will assume the type of column is string
WARNING: Found unknown type: point in file: C:\Users\DELL.DELL-PC\Desktop\Projekt\Kod\apache-calcite-1.10.0-src\example\csv\target\test-classes\sales\DEPTS.csv for column: TEST. Will assume the type of column is string
]]></system-out>
  </testcase>
  <testcase name="testBoolean" classname="org.apache.calcite.test.CsvTest" time="0.08"/>
  <testcase name="testFilterableWhere" classname="org.apache.calcite.test.CsvTest" time="0.148"/>
  <testcase name="testDateType2" classname="org.apache.calcite.test.CsvTest" time="0.126"/>
  <testcase name="testPushDownProject" classname="org.apache.calcite.test.CsvTest" time="0.078"/>
  <testcase name="testVanityDriverArgsInUrl" classname="org.apache.calcite.test.CsvTest" time="0">
    <skipped/>
  </testcase>
  <testcase name="testCsvStream" classname="org.apache.calcite.test.CsvTest" time="6.253"/>
  <testcase name="testJoinOnString" classname="org.apache.calcite.test.CsvTest" time="0.261"/>
  <testcase name="testSelectSingleProject" classname="org.apache.calcite.test.CsvTest" time="0.099"/>
  <testcase name="testBadDirectory" classname="org.apache.calcite.test.CsvTest" time="0.013"/>
  <testcase name="testSelectLongMultiplyInteger" classname="org.apache.calcite.test.CsvTest" time="0.084"/>
  <testcase name="testWackyColumns" classname="org.apache.calcite.test.CsvTest" time="0.214"/>
  <testcase name="testReadme" classname="org.apache.calcite.test.CsvTest" time="0.257"/>
  <testcase name="testSelect" classname="org.apache.calcite.test.CsvTest" time="0.061"/>
  <testcase name="testCustomTable" classname="org.apache.calcite.test.CsvTest" time="0.082"/>
  <testcase name="testPushDownProjectDumb" classname="org.apache.calcite.test.CsvTest" time="0.024"/>
</testsuite>