<?xml version="1.0" encoding="UTF-8"?>
<testsuite name="org.apache.calcite.test.CsvTest" time="23.39" tests="26" errors="0" skipped="2" failures="1">
  <properties>
[...]
</properties>
  <testcase name="testVanityDriver" classname="org.apache.calcite.test.CsvTest" time="0">
    <skipped/>
  </testcase>
  <testcase name="testSelectSingleProjectGz" classname="org.apache.calcite.test.CsvTest" time="1.854"/>
  <testcase name="testPushDownProject2" classname="org.apache.calcite.test.CsvTest" time="1.857"/>
  <testcase name="testInToSemiJoinWithCast" classname="org.apache.calcite.test.CsvTest" time="2.751"/>
  <testcase name="testFilterableSelectStar" classname="org.apache.calcite.test.CsvTest" time="1.909"/>
  <testcase name="testDateType" classname="org.apache.calcite.test.CsvTest" time="2.028"/>
  <testcase name="testFilterableSelect" classname="org.apache.calcite.test.CsvTest" time="1.994"/>
  <testcase name="testJson" classname="org.apache.calcite.test.CsvTest" time="2.064"/>
  <testcase name="testFilterableWhere2" classname="org.apache.calcite.test.CsvTest" time="0.392"/>
  <testcase name="testInToSemiJoinWithoutCast" classname="org.apache.calcite.test.CsvTest" time="0.666"/>
  <testcase name="testPrepared" classname="org.apache.calcite.test.CsvTest" time="0.095">
    <failure message="expected:&lt;[DEPTNO=10; NAME=Sales]&gt; but was:&lt;[DEPTNO=10; NAME=Sales; TEST=POINT(125 15)]&gt;" type="java.lang.AssertionError"><![CDATA[java.lang.AssertionError: expected:<[DEPTNO=10; NAME=Sales]> but was:<[DEPTNO=10; NAME=Sales; TEST=POINT(125 15)]>
	at org.junit.Assert.fail(Assert.java:88)
	at org.junit.Assert.failNotEquals(Assert.java:834)
	at org.junit.Assert.assertEquals(Assert.java:118)
	at org.junit.Assert.assertEquals(Assert.java:144)
	at org.apache.calcite.test.CsvTest$3.apply(CsvTest.java:296)
	at org.apache.calcite.test.CsvTest$3.apply(CsvTest.java:291)
	at org.apache.calcite.test.CsvTest.testPrepared(CsvTest.java:548)
]]></failure>
    <system-out><![CDATA[WARNING: Found unknown type: point in file: C:\Users\DELL.DELL-PC\Desktop\Projekt\Kod\apache-calcite-1.10.0-src\example\csv\target\test-classes\sales\DEPTS.csv for column: TEST. Will assume the type of column is string
WARNING: Found unknown type: point in file: C:\Users\DELL.DELL-PC\Desktop\Projekt\Kod\apache-calcite-1.10.0-src\example\csv\target\test-classes\sales\DEPTS.csv for column: TEST. Will assume the type of column is string
]]></system-out>
  </testcase>
  <testcase name="testBoolean" classname="org.apache.calcite.test.CsvTest" time="0.08"/>
  <testcase name="testFilterableWhere" classname="org.apache.calcite.test.CsvTest" time="0.148"/>
  <testcase name="testDateType2" classname="org.apache.calcite.test.CsvTest" time="0.126"/>
  <testcase name="testPushDownProject" classname="org.apache.calcite.test.CsvTest" time="0.078"/>
  <testcase name="testVanityDriverArgsInUrl" classname="org.apache.calcite.test.CsvTest" time="0">
    <skipped/>
  </testcase>
  <testcase name="testCsvStream" classname="org.apache.calcite.test.CsvTest" time="6.253"/>
  <testcase name="testJoinOnString" classname="org.apache.calcite.test.CsvTest" time="0.261"/>
  <testcase name="testSelectSingleProject" classname="org.apache.calcite.test.CsvTest" time="0.099"/>
  <testcase name="testBadDirectory" classname="org.apache.calcite.test.CsvTest" time="0.013"/>
  <testcase name="testSelectLongMultiplyInteger" classname="org.apache.calcite.test.CsvTest" time="0.084"/>
  <testcase name="testWackyColumns" classname="org.apache.calcite.test.CsvTest" time="0.214"/>
  <testcase name="testReadme" classname="org.apache.calcite.test.CsvTest" time="0.257"/>
  <testcase name="testSelect" classname="org.apache.calcite.test.CsvTest" time="0.061"/>
  <testcase name="testCustomTable" classname="org.apache.calcite.test.CsvTest" time="0.082"/>
  <testcase name="testPushDownProjectDumb" classname="org.apache.calcite.test.CsvTest" time="0.024"/>
</testsuite>